<?xml version="1.0" encoding="UTF-8"?>
<testng-results skipped="0" failed="0" ignored="0" total="1" passed="1">
  <reporter-output>
    <line>
      <![CDATA[Settting up reports and test is trying get ready]]>
    </line>
    <line>
      <![CDATA[Setup is done-Test can be started]]>
    </line>
    <line>
      <![CDATA[Launching the browser and application is getting ready]]>
    </line>
    <line>
      <![CDATA[Browser and app is up and running]]>
    </line>
    <line>
      <![CDATA[Test is about to end]]>
    </line>
    <line>
      <![CDATA[Test completed>>>>> Reports generated]]>
    </line>
  </reporter-output>
  <suite name="Default suite" duration-ms="17713" started-at="2019-11-21T16:48:02Z" finished-at="2019-11-21T16:48:20Z">
    <groups>
    </groups>
    <test name="Default test" duration-ms="17713" started-at="2019-11-21T16:48:02Z" finished-at="2019-11-21T16:48:20Z">
      <class name="com.webauto.testcases.LoginTest">
        <test-method status="PASS" signature="setSuite()[pri:0, instance:com.webauto.testcases.LoginTest@6767c1fc]" name="setSuite" is-config="true" duration-ms="1063" started-at="2019-11-21T22:18:01Z" finished-at="2019-11-21T22:18:02Z">
          <reporter-output>
            <line>
              <![CDATA[Settting up reports and test is trying get ready]]>
            </line>
            <line>
              <![CDATA[Setup is done-Test can be started]]>
            </line>
          </reporter-output>
        </test-method> <!-- setSuite -->
        <test-method status="PASS" signature="setUp()[pri:0, instance:com.webauto.testcases.LoginTest@6767c1fc]" name="setUp" is-config="true" duration-ms="10114" started-at="2019-11-21T22:18:02Z" finished-at="2019-11-21T22:18:12Z">
          <reporter-output>
            <line>
              <![CDATA[Launching the browser and application is getting ready]]>
            </line>
            <line>
              <![CDATA[Browser and app is up and running]]>
            </line>
          </reporter-output>
        </test-method> <!-- setUp -->
        <test-method status="PASS" signature="testLogin()[pri:0, instance:com.webauto.testcases.LoginTest@6767c1fc]" name="testLogin" duration-ms="5681" started-at="2019-11-21T22:18:12Z" finished-at="2019-11-21T22:18:18Z">
          <reporter-output>
          </reporter-output>
        </test-method> <!-- testLogin -->
        <test-method status="PASS" signature="tearDownMethod(org.testng.ITestResult)[pri:0, instance:com.webauto.testcases.LoginTest@6767c1fc]" name="tearDownMethod" is-config="true" duration-ms="1087" started-at="2019-11-21T22:18:18Z" finished-at="2019-11-21T22:18:19Z">
          <params>
            <param index="0">
              <value>
                <![CDATA[[TestResult name=testLogin status=SUCCESS method=LoginTest.testLogin()[pri:0, instance:com.webauto.testcases.LoginTest@6767c1fc] output={null}]]]>
              </value>
            </param>
          </params>
          <reporter-output>
            <line>
              <![CDATA[Test is about to end]]>
            </line>
            <line>
              <![CDATA[Test completed>>>>> Reports generated]]>
            </line>
          </reporter-output>
        </test-method> <!-- tearDownMethod -->
        <test-method status="PASS" signature="tearDown()[pri:0, instance:com.webauto.testcases.LoginTest@6767c1fc]" name="tearDown" is-config="true" duration-ms="801" started-at="2019-11-21T22:18:19Z" finished-at="2019-11-21T22:18:20Z">
          <reporter-output>
          </reporter-output>
        </test-method> <!-- tearDown -->
      </class> <!-- com.webauto.testcases.LoginTest -->
    </test> <!-- Default test -->
  </suite> <!-- Default suite -->
</testng-results>
